<?xml version="1.0" encoding="UTF-8"?>
<testng-results ignored="0" total="3" passed="3" failed="0" skipped="0">
  <reporter-output>
  </reporter-output>
  <suite started-at="2022-08-24T11:20:18 IST" name="Default suite" finished-at="2022-08-24T11:20:44 IST" duration-ms="26268">
    <groups>
      <group name="regression">
        <method signature="LoginTest.verifyLogin()[pri:1, instance:test.LoginTest@4fb3ee4e]" name="verifyLogin" class="test.LoginTest"/>
      </group> <!-- regression -->
      <group name="smoke">
        <method signature="LoginTest.verifyLogin()[pri:1, instance:test.LoginTest@4fb3ee4e]" name="verifyLogin" class="test.LoginTest"/>
        <method signature="LoginTest.verifyUrlOfPage()[pri:-1, instance:test.LoginTest@4fb3ee4e]" name="verifyUrlOfPage" class="test.LoginTest"/>
      </group> <!-- smoke -->
    </groups>
    <test started-at="2022-08-24T11:20:18 IST" name="Default test" finished-at="2022-08-24T11:20:44 IST" duration-ms="26268">
      <class name="test.LoginTest">
        <test-method is-config="true" signature="launchBrowser()[pri:0, instance:test.LoginTest@4fb3ee4e]" started-at="2022-08-24T11:20:18 IST" name="launchBrowser" finished-at="2022-08-24T11:20:38 IST" duration-ms="19541" status="PASS">
          <reporter-output>
          </reporter-output>
        </test-method> <!-- launchBrowser -->
        <test-method is-config="true" signature="pageObject()[pri:0, instance:test.LoginTest@4fb3ee4e]" started-at="2022-08-24T11:20:38 IST" name="pageObject" finished-at="2022-08-24T11:20:38 IST" duration-ms="127" status="PASS">
          <reporter-output>
          </reporter-output>
        </test-method> <!-- pageObject -->
        <test-method signature="verifyUrlOfPage()[pri:-1, instance:test.LoginTest@4fb3ee4e]" started-at="2022-08-24T11:20:38 IST" name="verifyUrlOfPage" finished-at="2022-08-24T11:20:38 IST" duration-ms="80" status="PASS">
          <reporter-output>
          </reporter-output>
        </test-method> <!-- verifyUrlOfPage -->
        <test-method signature="verifyLoginPageIsDisplayed()[pri:0, instance:test.LoginTest@4fb3ee4e]" started-at="2022-08-24T11:20:38 IST" name="verifyLoginPageIsDisplayed" finished-at="2022-08-24T11:20:38 IST" duration-ms="687" status="PASS">
          <reporter-output>
          </reporter-output>
        </test-method> <!-- verifyLoginPageIsDisplayed -->
        <test-method signature="verifyLogin()[pri:1, instance:test.LoginTest@4fb3ee4e]" started-at="2022-08-24T11:20:38 IST" name="verifyLogin" finished-at="2022-08-24T11:20:44 IST" duration-ms="5075" status="PASS">
          <reporter-output>
          </reporter-output>
        </test-method> <!-- verifyLogin -->
        <test-method is-config="true" signature="tearDownEnvironment()[pri:0, instance:test.LoginTest@4fb3ee4e]" started-at="2022-08-24T11:20:44 IST" name="tearDownEnvironment" finished-at="2022-08-24T11:20:44 IST" duration-ms="626" status="PASS">
          <reporter-output>
          </reporter-output>
        </test-method> <!-- tearDownEnvironment -->
      </class> <!-- test.LoginTest -->
    </test> <!-- Default test -->
  </suite> <!-- Default suite -->
</testng-results>
