<?xml version="1.0" encoding="UTF-8"?>
<!-- Generated by org.testng.reporters.JUnitXMLReporter -->
<testsuite ignored="0" hostname="DESKTOP-2JQ4EAS" failures="0" tests="3" name="Default test" time="26.268" errors="0" timestamp="2022-08-24T11:20:44 IST">
  <testcase classname="test.LoginTest" name="verifyUrlOfPage" time="0.08"/>
  <testcase classname="test.LoginTest" name="verifyLoginPageIsDisplayed" time="0.687"/>
  <testcase classname="test.LoginTest" name="verifyLogin" time="5.075"/>
</testsuite> <!-- Default test -->
