<?xml version="1.0" encoding="UTF-8"?>
<!-- Generated by org.testng.reporters.JUnitXMLReporter -->
<testsuite ignored="0" hostname="DESKTOP-2JQ4EAS" failures="0" tests="5" name="Test" time="33.621" errors="0" timestamp="2022-08-24T01:42:47 IST">
  <testcase classname="test.LoginTest" name="verifyUrlOfPage" time="0.025"/>
  <testcase classname="test.LoginTest" name="verifyLoginPageIsDisplayed" time="0.374"/>
  <testcase classname="test.LoginTest" name="verifyLogin" time="3.141"/>
  <testcase classname="test.AdminTest" name="verifyAdminPage" time="4.155"/>
  <testcase classname="test.PimTest" name="verifyPimPage" time="3.143"/>
</testsuite> <!-- Test -->
